<?xml version="1.0" encoding="UTF-8"?>
<!-- Generated by org.testng.reporters.JUnitXMLReporter -->
<testsuite hostname="IN-C02FWB4XMD6M.local" name="ChromeTest" tests="2" failures="0" timestamp="2 May 2023 16:01:05 GMT" time="73.697" errors="0">
  <testcase name="verifyOrderConfirmation" time="28.507" classname="com.ecstore.testcases.OrderConfirmedTest"/>
  <testcase name="verifyOrderConfirmation" time="26.177" classname="com.ecstore.testcases.OrderConfirmedTest"/>
</testsuite> <!-- ChromeTest -->
