<?xml version="1.0" encoding="UTF-8"?>
<!-- Generated by org.testng.reporters.JUnitXMLReporter -->
<testsuite hostname="IN-C02FWB4XMD6M.local" name="FirefoxTest" tests="1" failures="1" timestamp="2 May 2023 16:00:08 GMT" time="17.422" errors="0">
  <testcase name="loginTest" time="3.483" classname="com.ecstore.testcases.LoginPageTest">
    <failure type="java.lang.AssertionError" message="expected:&amp;lt;https://magento.softwaretestingboard.com/customer/account/login/referer/aHR0cHM6Ly9tYWdlbnRvLnNvZnR3YXJldGVzdGluZ2JvYXJkLmNvbS8%2C/&amp;gt; but was:&amp;lt;https://magento.softwaretestingboard.com/&amp;gt;">
      <![CDATA[java.lang.AssertionError: expected:<https://magento.softwaretestingboard.com/customer/account/login/referer/aHR0cHM6Ly9tYWdlbnRvLnNvZnR3YXJldGVzdGluZ2JvYXJkLmNvbS8%2C/> but was:<https://magento.softwaretestingboard.com/>
	at com.ecstore.testcases.LoginPageTest.loginTest(LoginPageTest.java:60)
	at java.util.concurrent.FutureTask.run(FutureTask.java:266)
	at java.util.concurrent.ThreadPoolExecutor.runWorker(ThreadPoolExecutor.java:1149)
	at java.util.concurrent.ThreadPoolExecutor$Worker.run(ThreadPoolExecutor.java:624)
	at java.lang.Thread.run(Thread.java:748)
... Removed 18 stack frames]]>
    </failure>
  </testcase> <!-- loginTest -->
</testsuite> <!-- FirefoxTest -->
