<?xml version="1.0" encoding="UTF-8"?>
<!-- Generated by org.testng.reporters.JUnitXMLReporter -->
<testsuite hostname="IN-C02FWB4XMD6M.local" name="Regression" tests="5" failures="0" timestamp="1 May 2023 13:15:05 GMT" time="116.726" errors="0">
  <testcase name="addToCartTest" time="9.759" classname="com.ecstore.testcases.AddToCartTest"/>
  <testcase name="addToCartTest" time="8.907" classname="com.ecstore.testcases.AddToCartTest"/>
  <testcase name="verifyOrderConfirmation" time="24.84" classname="com.ecstore.testcases.OrderConfirmedTest"/>
  <testcase name="verifyOrderConfirmation" time="32.422" classname="com.ecstore.testcases.OrderConfirmedTest"/>
  <testcase name="verifyTotalPrice" time="9.448" classname="com.ecstore.testcases.ShoppingCartTest"/>
</testsuite> <!-- Regression -->
