<?xml version="1.0" encoding="UTF-8"?>
<!-- Generated by org.testng.reporters.JUnitXMLReporter -->
<testsuite hostname="vibhapuri" failures="1" tests="3" name="Sanity" time="48.32" errors="0" timestamp="24 Jul 2023 09:02:24 GMT">
  <testcase classname="com.ecstore.testcases.HomePageTest" name="verifyLogo" time="0.17"/>
  <testcase classname="com.ecstore.testcases.HomePageTest" name="verifyTitle" time="0.021"/>
  <testcase classname="com.ecstore.testcases.HomePageTest" name="verifyTitleError" time="0.022">
    <failure type="java.lang.AssertionError" message="expected:&amp;lt;Home Page&amp;gt; but was:&amp;lt;Home Page1&amp;gt;">
      <![CDATA[java.lang.AssertionError: expected:<Home Page> but was:<Home Page1>
	at com.ecstore.testcases.HomePageTest.verifyTitleError(HomePageTest.java:49)
... Removed 26 stack frames]]>
    </failure>
  </testcase> <!-- verifyTitleError -->
</testsuite> <!-- Sanity -->
