<?xml version="1.0" encoding="UTF-8"?>
<!-- Generated by org.testng.reporters.JUnitXMLReporter -->
<testsuite hostname="IN-C02FWB4XMD6M.local" name="Sanity" tests="3" failures="1" timestamp="2 May 2023 15:53:54 GMT" time="37.349" errors="0">
  <testcase name="verifyLogo" time="0.097" classname="com.ecstore.testcases.HomePageTest"/>
  <testcase name="verifyTitle" time="0.007" classname="com.ecstore.testcases.HomePageTest"/>
  <testcase name="verifyTitleError" time="0.007" classname="com.ecstore.testcases.HomePageTest">
    <failure type="java.lang.AssertionError" message="expected:&amp;lt;Home Page&amp;gt; but was:&amp;lt;Home Page1&amp;gt;">
      <![CDATA[java.lang.AssertionError: expected:<Home Page> but was:<Home Page1>
	at com.ecstore.testcases.HomePageTest.verifyTitleError(HomePageTest.java:49)
... Removed 26 stack frames]]>
    </failure>
  </testcase> <!-- verifyTitleError -->
</testsuite> <!-- Sanity -->
