<?xml version="1.0" encoding="UTF-8"?>
<!-- Generated by org.testng.reporters.JUnitXMLReporter -->
<testsuite hostname="IN-C02FWB4XMD6M.local" name="Smoke" tests="6" failures="0" timestamp="1 May 2023 10:40:52 GMT" time="69.884" errors="0">
  <testcase name="searchProduct" time="5.044" classname="com.ecstore.testcases.SearchResultTest"/>
  <testcase name="loginTest" time="6.362" classname="com.ecstore.testcases.LoginPageTest"/>
  <testcase name="verifyLogo" time="0.05" classname="com.ecstore.testcases.HomePageTest"/>
  <testcase name="verifyTitle" time="0.007" classname="com.ecstore.testcases.HomePageTest"/>
  <testcase name="validateOrderHistory" time="10.381" classname="com.ecstore.testcases.MyAccountPageTest"/>
  <testcase name="validateWishList" time="13.48" classname="com.ecstore.testcases.MyAccountPageTest"/>
</testsuite> <!-- Smoke -->
