<?xml version="1.0" encoding="UTF-8"?>
<!-- Generated by org.testng.reporters.JUnitXMLReporter -->
<testsuite hostname="vibhapuri" failures="3" tests="15" name="Test" time="760.196" errors="0" timestamp="23 Jul 2023 19:17:39 GMT">
  <testcase classname="com.ecstore.testcases.SearchResultTest" name="@BeforeMethod setup" time="0.0">
    <failure type="org.openqa.selenium.TimeoutException" message="timeout: Timed out receiving message from renderer: 25.656
  (Session info: chrome=114.0.5735.199)
Build info: version: &amp;apos;4.8.3&amp;apos;, revision: &amp;apos;e5e76298c3&amp;apos;
System info: os.name: &amp;apos;Windows 10&amp;apos;, os.arch: &amp;apos;amd64&amp;apos;, os.version: &amp;apos;10.0&amp;apos;, java.version: &amp;apos;17.0.5&amp;apos;
Driver info: org.openqa.selenium.chrome.ChromeDriver
Command: [1ca19d1c3e2261ccb22d45cb29241d7d, get {url=https://magento.softwaretestingboard.com/}]
Capabilities {acceptInsecureCerts: false, browserName: chrome, browserVersion: 114.0.5735.199, chrome: {chromedriverVersion: 114.0.5735.90 (386bc09e8f4f..., userDataDir: C:\Windows\SystemTemp\scope...}, goog:chromeOptions: {debuggerAddress: localhost:53768}, networkConnectionEnabled: false, pageLoadStrategy: normal, platformName: WINDOWS, proxy: Proxy(), se:cdp: ws://localhost:53768/devtoo..., se:cdpVersion: 114.0.5735.199, setWindowRect: true, strictFileInteractability: false, timeouts: {implicit: 0, pageLoad: 300000, script: 30000}, unhandledPromptBehavior: dismiss and notify, webauthn:extension:credBlob: true, webauthn:extension:largeBlob: true, webauthn:extension:minPinLength: true, webauthn:extension:prf: true, webauthn:virtualAuthenticators: true}
Session ID: 1ca19d1c3e2261ccb22d45cb29241d7d">
      <![CDATA[org.openqa.selenium.TimeoutException: timeout: Timed out receiving message from renderer: 25.656
  (Session info: chrome=114.0.5735.199)
Build info: version: '4.8.3', revision: 'e5e76298c3'
System info: os.name: 'Windows 10', os.arch: 'amd64', os.version: '10.0', java.version: '17.0.5'
Driver info: org.openqa.selenium.chrome.ChromeDriver
Command: [1ca19d1c3e2261ccb22d45cb29241d7d, get {url=https://magento.softwaretestingboard.com/}]
Capabilities {acceptInsecureCerts: false, browserName: chrome, browserVersion: 114.0.5735.199, chrome: {chromedriverVersion: 114.0.5735.90 (386bc09e8f4f..., userDataDir: C:\Windows\SystemTemp\scope...}, goog:chromeOptions: {debuggerAddress: localhost:53768}, networkConnectionEnabled: false, pageLoadStrategy: normal, platformName: WINDOWS, proxy: Proxy(), se:cdp: ws://localhost:53768/devtoo..., se:cdpVersion: 114.0.5735.199, setWindowRect: true, strictFileInteractability: false, timeouts: {implicit: 0, pageLoad: 300000, script: 30000}, unhandledPromptBehavior: dismiss and notify, webauthn:extension:credBlob: true, webauthn:extension:largeBlob: true, webauthn:extension:minPinLength: true, webauthn:extension:prf: true, webauthn:virtualAuthenticators: true}
Session ID: 1ca19d1c3e2261ccb22d45cb29241d7d
	at org.openqa.selenium.remote.codec.w3c.W3CHttpResponseCodec.createException(W3CHttpResponseCodec.java:200)
	at org.openqa.selenium.remote.codec.w3c.W3CHttpResponseCodec.decode(W3CHttpResponseCodec.java:133)
	at org.openqa.selenium.remote.codec.w3c.W3CHttpResponseCodec.decode(W3CHttpResponseCodec.java:53)
	at org.openqa.selenium.remote.HttpCommandExecutor.execute(HttpCommandExecutor.java:193)
	at org.openqa.selenium.remote.service.DriverCommandExecutor.invokeExecute(DriverCommandExecutor.java:183)
	at org.openqa.selenium.remote.service.DriverCommandExecutor.execute(DriverCommandExecutor.java:158)
	at org.openqa.selenium.remote.RemoteWebDriver.execute(RemoteWebDriver.java:543)
	at org.openqa.selenium.remote.RemoteWebDriver.get(RemoteWebDriver.java:297)
	at com.ecstore.base.BaseClass.launchApp(BaseClass.java:66)
	at com.ecstore.testcases.SearchResultTest.setup(SearchResultTest.java:21)
... Removed 31 stack frames]]>
    </failure>
  </testcase> <!-- @BeforeMethod setup -->
  <testcase classname="com.ecstore.testcases.SearchResultTest" name="@AfterMethod tearDown" time="0.0">
    <skipped/>
  </testcase> <!-- @AfterMethod tearDown -->
  <testcase classname="com.ecstore.testcases.AddToCartTest" name="@BeforeMethod setup" time="0.0">
    <failure type="org.openqa.selenium.SessionNotCreatedException" message="Could not start a new session. Response code 500. Message: session not created
from no such execution context: uniqueContextId not found
  (Session info: chrome=114.0.5735.199) 
Host info: host: &amp;apos;VIBHAPURI&amp;apos;, ip: &amp;apos;192.168.29.53&amp;apos;
Build info: version: &amp;apos;4.8.3&amp;apos;, revision: &amp;apos;e5e76298c3&amp;apos;
System info: os.name: &amp;apos;Windows 10&amp;apos;, os.arch: &amp;apos;amd64&amp;apos;, os.version: &amp;apos;10.0&amp;apos;, java.version: &amp;apos;17.0.5&amp;apos;
Driver info: org.openqa.selenium.chrome.ChromeDriver
Command: [null, newSession {capabilities=[Capabilities {browserName: chrome, goog:chromeOptions: {args: [--remote-allow-origins=*], extensions: []}}], desiredCapabilities=Capabilities {browserName: chrome, goog:chromeOptions: {args: [--remote-allow-origins=*], extensions: []}}}]">
      <![CDATA[org.openqa.selenium.SessionNotCreatedException: Could not start a new session. Response code 500. Message: session not created
from no such execution context: uniqueContextId not found
  (Session info: chrome=114.0.5735.199) 
Host info: host: 'VIBHAPURI', ip: '192.168.29.53'
Build info: version: '4.8.3', revision: 'e5e76298c3'
System info: os.name: 'Windows 10', os.arch: 'amd64', os.version: '10.0', java.version: '17.0.5'
Driver info: org.openqa.selenium.chrome.ChromeDriver
Command: [null, newSession {capabilities=[Capabilities {browserName: chrome, goog:chromeOptions: {args: [--remote-allow-origins=*], extensions: []}}], desiredCapabilities=Capabilities {browserName: chrome, goog:chromeOptions: {args: [--remote-allow-origins=*], extensions: []}}}]
	at org.openqa.selenium.remote.ProtocolHandshake.createSession(ProtocolHandshake.java:148)
	at org.openqa.selenium.remote.ProtocolHandshake.createSession(ProtocolHandshake.java:106)
	at org.openqa.selenium.remote.ProtocolHandshake.createSession(ProtocolHandshake.java:67)
	at org.openqa.selenium.remote.HttpCommandExecutor.execute(HttpCommandExecutor.java:165)
	at org.openqa.selenium.remote.service.DriverCommandExecutor.invokeExecute(DriverCommandExecutor.java:183)
	at org.openqa.selenium.remote.service.DriverCommandExecutor.execute(DriverCommandExecutor.java:158)
	at org.openqa.selenium.remote.RemoteWebDriver.execute(RemoteWebDriver.java:543)
	at org.openqa.selenium.remote.RemoteWebDriver.startSession(RemoteWebDriver.java:229)
	at org.openqa.selenium.remote.RemoteWebDriver.<init>(RemoteWebDriver.java:157)
	at org.openqa.selenium.chromium.ChromiumDriver.<init>(ChromiumDriver.java:101)
	at org.openqa.selenium.chrome.ChromeDriver.<init>(ChromeDriver.java:88)
	at org.openqa.selenium.chrome.ChromeDriver.<init>(ChromeDriver.java:84)
	at org.openqa.selenium.chrome.ChromeDriver.<init>(ChromeDriver.java:52)
	at com.ecstore.base.BaseClass.launchApp(BaseClass.java:54)
	at com.ecstore.testcases.AddToCartTest.setup(AddToCartTest.java:43)
... Removed 26 stack frames]]>
    </failure>
  </testcase> <!-- @BeforeMethod setup -->
  <testcase classname="com.ecstore.testcases.AddToCartTest" name="@AfterMethod tearDown" time="0.0">
    <skipped/>
  </testcase> <!-- @AfterMethod tearDown -->
  <testcase classname="com.ecstore.testcases.SearchResultTest" name="searchProduct" time="0.016">
    <skipped/>
  </testcase> <!-- searchProduct -->
  <testcase classname="com.ecstore.testcases.MyAccountPageTest" name="validateOrderHistory" time="33.012"/>
  <testcase classname="com.ecstore.testcases.MyAccountPageTest" name="validateWishList" time="26.677"/>
  <testcase classname="com.ecstore.testcases.AddToCartTest" name="addToCartTest" time="26.902"/>
  <testcase classname="com.ecstore.testcases.AddToCartTest" name="addToCartTest" time="0.003">
    <skipped/>
  </testcase> <!-- addToCartTest -->
  <testcase classname="com.ecstore.testcases.CustomerAccountCreationTest" name="createAccountTest" time="23.978">
    <failure type="java.lang.AssertionError" message="expected [https://magento.softwaretestingboard.com/customer/account/create/] but found [https://magento.softwaretestingboard.com/customer/account/]">
      <![CDATA[java.lang.AssertionError: expected [https://magento.softwaretestingboard.com/customer/account/create/] but found [https://magento.softwaretestingboard.com/customer/account/]
	at com.ecstore.testcases.CustomerAccountCreationTest.createAccountTest(CustomerAccountCreationTest.java:87)
... Removed 29 stack frames]]>
    </failure>
  </testcase> <!-- createAccountTest -->
  <testcase classname="com.ecstore.testcases.CustomerAccountCreationTest" name="createAccountTest" time="59.242">
    <failure type="java.lang.AssertionError" message="expected [https://magento.softwaretestingboard.com/customer/account/create/] but found [https://magento.softwaretestingboard.com/customer/account/]">
      <![CDATA[java.lang.AssertionError: expected [https://magento.softwaretestingboard.com/customer/account/create/] but found [https://magento.softwaretestingboard.com/customer/account/]
	at com.ecstore.testcases.CustomerAccountCreationTest.createAccountTest(CustomerAccountCreationTest.java:87)
... Removed 29 stack frames]]>
    </failure>
  </testcase> <!-- createAccountTest -->
  <testcase classname="com.ecstore.testcases.CustomerAccountCreationTest" name="verifyCustomerNewAccountCreation" time="19.876"/>
  <testcase classname="com.ecstore.testcases.LoginPageTest" name="loginTest" time="26.572"/>
  <testcase classname="com.ecstore.testcases.OrderConfirmedTest" name="verifyOrderConfirmation" time="85.013"/>
  <testcase classname="com.ecstore.testcases.OrderConfirmedTest" name="verifyOrderConfirmation" time="63.873"/>
  <testcase classname="com.ecstore.testcases.HomePageTest" name="verifyLogo" time="5.505"/>
  <testcase classname="com.ecstore.testcases.HomePageTest" name="verifyTitle" time="0.115"/>
  <testcase classname="com.ecstore.testcases.HomePageTest" name="verifyTitleError" time="0.265">
    <failure type="java.lang.AssertionError" message="expected:&amp;lt;Home Page&amp;gt; but was:&amp;lt;Home Page1&amp;gt;">
      <![CDATA[java.lang.AssertionError: expected:<Home Page> but was:<Home Page1>
	at com.ecstore.testcases.HomePageTest.verifyTitleError(HomePageTest.java:49)
... Removed 26 stack frames]]>
    </failure>
  </testcase> <!-- verifyTitleError -->
  <testcase classname="com.ecstore.testcases.ShoppingCartTest" name="verifyTotalPrice" time="55.587"/>
</testsuite> <!-- Test -->
