<?xml version="1.0" encoding="UTF-8"?>
<testng-results total="15" passed="10" failed="3" skipped="2">
  <reporter-output>
  </reporter-output>
  <suite started-at="2023-07-23T19:04:58Z" name="Suite" finished-at="2023-07-23T19:17:39Z" duration-ms="760196">
    <groups>
      <group name="Sanity">
        <method signature="AddToCartTest.addToCartTest(java.lang.String, java.lang.String, java.lang.String, java.lang.String)[pri:0, instance:com.ecstore.testcases.AddToCartTest@81ff872]" name="addToCartTest" class="com.ecstore.testcases.AddToCartTest"/>
        <method signature="CustomerAccountCreationTest.verifyCustomerNewAccountCreation()[pri:0, instance:com.ecstore.testcases.CustomerAccountCreationTest@20d11153]" name="verifyCustomerNewAccountCreation" class="com.ecstore.testcases.CustomerAccountCreationTest"/>
        <method signature="LoginPageTest.loginTest(java.lang.String, java.lang.String)[pri:0, instance:com.ecstore.testcases.LoginPageTest@502f8b57]" name="loginTest" class="com.ecstore.testcases.LoginPageTest"/>
      </group> <!-- Sanity -->
      <group name="Regression">
        <method signature="AddToCartTest.addToCartTest(java.lang.String, java.lang.String, java.lang.String, java.lang.String)[pri:0, instance:com.ecstore.testcases.AddToCartTest@81ff872]" name="addToCartTest" class="com.ecstore.testcases.AddToCartTest"/>
        <method signature="CustomerAccountCreationTest.createAccountTest(java.util.HashMap)[pri:0, instance:com.ecstore.testcases.CustomerAccountCreationTest@20d11153]" name="createAccountTest" class="com.ecstore.testcases.CustomerAccountCreationTest"/>
        <method signature="OrderConfirmedTest.verifyOrderConfirmation(java.lang.String, java.lang.String, java.lang.String, java.lang.String)[pri:0, instance:com.ecstore.testcases.OrderConfirmedTest@26a529dc]" name="verifyOrderConfirmation" class="com.ecstore.testcases.OrderConfirmedTest"/>
        <method signature="ShoppingCartTest.verifyTotalPrice()[pri:0, instance:com.ecstore.testcases.ShoppingCartTest@78dc4696]" name="verifyTotalPrice" class="com.ecstore.testcases.ShoppingCartTest"/>
      </group> <!-- Regression -->
      <group name="Smoke">
        <method signature="HomePageTest.verifyLogo()[pri:0, instance:com.ecstore.testcases.HomePageTest@5652f555]" name="verifyLogo" class="com.ecstore.testcases.HomePageTest"/>
        <method signature="HomePageTest.verifyTitle()[pri:0, instance:com.ecstore.testcases.HomePageTest@5652f555]" name="verifyTitle" class="com.ecstore.testcases.HomePageTest"/>
        <method signature="HomePageTest.verifyTitleError()[pri:0, instance:com.ecstore.testcases.HomePageTest@5652f555]" name="verifyTitleError" class="com.ecstore.testcases.HomePageTest"/>
        <method signature="LoginPageTest.loginTest(java.lang.String, java.lang.String)[pri:0, instance:com.ecstore.testcases.LoginPageTest@502f8b57]" name="loginTest" class="com.ecstore.testcases.LoginPageTest"/>
        <method signature="MyAccountPageTest.validateOrderHistory()[pri:0, instance:com.ecstore.testcases.MyAccountPageTest@55120f99]" name="validateOrderHistory" class="com.ecstore.testcases.MyAccountPageTest"/>
        <method signature="MyAccountPageTest.validateWishList()[pri:0, instance:com.ecstore.testcases.MyAccountPageTest@55120f99]" name="validateWishList" class="com.ecstore.testcases.MyAccountPageTest"/>
        <method signature="SearchResultTest.searchProduct()[pri:0, instance:com.ecstore.testcases.SearchResultTest@4fe01805]" name="searchProduct" class="com.ecstore.testcases.SearchResultTest"/>
      </group> <!-- Smoke -->
    </groups>
    <test started-at="2023-07-23T19:04:58Z" name="Test" finished-at="2023-07-23T19:17:39Z" duration-ms="760196">
      <class name="com.ecstore.testcases.OrderConfirmedTest">
        <test-method is-config="true" signature="setup(java.lang.String)[pri:0, instance:com.ecstore.testcases.OrderConfirmedTest@26a529dc]" started-at="2023-07-24T00:41:45Z" name="setup" finished-at="2023-07-24T00:42:00Z" duration-ms="14794" status="PASS">
          <params>
            <param index="0">
              <value>
                <![CDATA[Chrome]]>
              </value>
            </param>
          </params>
          <reporter-output>
          </reporter-output>
        </test-method> <!-- setup -->
        <test-method signature="verifyOrderConfirmation(java.lang.String, java.lang.String, java.lang.String, java.lang.String)[pri:0, instance:com.ecstore.testcases.OrderConfirmedTest@26a529dc]" started-at="2023-07-24T00:42:00Z" name="verifyOrderConfirmation" data-provider="getProduct" finished-at="2023-07-24T00:43:25Z" duration-ms="85013" status="PASS">
          <params>
            <param index="0">
              <value>
                <![CDATA[t-shirt]]>
              </value>
            </param>
            <param index="1">
              <value>
                <![CDATA[2.0]]>
              </value>
            </param>
            <param index="2">
              <value>
                <![CDATA[S]]>
              </value>
            </param>
            <param index="3">
              <value>
                <![CDATA[Purple]]>
              </value>
            </param>
          </params>
          <reporter-output>
          </reporter-output>
        </test-method> <!-- verifyOrderConfirmation -->
        <test-method is-config="true" signature="tearDown()[pri:0, instance:com.ecstore.testcases.OrderConfirmedTest@26a529dc]" started-at="2023-07-24T00:43:25Z" name="tearDown" finished-at="2023-07-24T00:43:27Z" duration-ms="2316" status="PASS">
          <reporter-output>
          </reporter-output>
        </test-method> <!-- tearDown -->
        <test-method is-config="true" signature="setup(java.lang.String)[pri:0, instance:com.ecstore.testcases.OrderConfirmedTest@26a529dc]" started-at="2023-07-24T00:43:27Z" name="setup" finished-at="2023-07-24T00:43:41Z" duration-ms="13923" status="PASS">
          <params>
            <param index="0">
              <value>
                <![CDATA[Chrome]]>
              </value>
            </param>
          </params>
          <reporter-output>
          </reporter-output>
        </test-method> <!-- setup -->
        <test-method signature="verifyOrderConfirmation(java.lang.String, java.lang.String, java.lang.String, java.lang.String)[pri:0, instance:com.ecstore.testcases.OrderConfirmedTest@26a529dc]" started-at="2023-07-24T00:43:41Z" name="verifyOrderConfirmation" data-provider="getProduct" finished-at="2023-07-24T00:44:45Z" duration-ms="63873" status="PASS">
          <params>
            <param index="0">
              <value>
                <![CDATA[t-shirt]]>
              </value>
            </param>
            <param index="1">
              <value>
                <![CDATA[3.0]]>
              </value>
            </param>
            <param index="2">
              <value>
                <![CDATA[M]]>
              </value>
            </param>
            <param index="3">
              <value>
                <![CDATA[Blue]]>
              </value>
            </param>
          </params>
          <reporter-output>
          </reporter-output>
        </test-method> <!-- verifyOrderConfirmation -->
        <test-method is-config="true" signature="tearDown()[pri:0, instance:com.ecstore.testcases.OrderConfirmedTest@26a529dc]" started-at="2023-07-24T00:44:45Z" name="tearDown" finished-at="2023-07-24T00:44:48Z" duration-ms="2721" status="PASS">
          <reporter-output>
          </reporter-output>
        </test-method> <!-- tearDown -->
      </class> <!-- com.ecstore.testcases.OrderConfirmedTest -->
      <class name="com.ecstore.testcases.ShoppingCartTest">
        <test-method is-config="true" signature="setup(java.lang.String)[pri:0, instance:com.ecstore.testcases.ShoppingCartTest@78dc4696]" started-at="2023-07-24T00:46:24Z" name="setup" finished-at="2023-07-24T00:46:39Z" duration-ms="15538" status="PASS">
          <params>
            <param index="0">
              <value>
                <![CDATA[Chrome]]>
              </value>
            </param>
          </params>
          <reporter-output>
          </reporter-output>
        </test-method> <!-- setup -->
        <test-method signature="verifyTotalPrice()[pri:0, instance:com.ecstore.testcases.ShoppingCartTest@78dc4696]" started-at="2023-07-24T00:46:39Z" name="verifyTotalPrice" finished-at="2023-07-24T00:47:35Z" duration-ms="55587" status="PASS">
          <reporter-output>
          </reporter-output>
        </test-method> <!-- verifyTotalPrice -->
        <test-method is-config="true" signature="tearDown()[pri:0, instance:com.ecstore.testcases.ShoppingCartTest@78dc4696]" started-at="2023-07-24T00:47:35Z" name="tearDown" finished-at="2023-07-24T00:47:39Z" duration-ms="3768" status="PASS">
          <reporter-output>
          </reporter-output>
        </test-method> <!-- tearDown -->
      </class> <!-- com.ecstore.testcases.ShoppingCartTest -->
      <class name="com.ecstore.testcases.CustomerAccountCreationTest">
        <test-method is-config="true" signature="setup(java.lang.String)[pri:0, instance:com.ecstore.testcases.CustomerAccountCreationTest@20d11153]" started-at="2023-07-24T00:38:09Z" name="setup" finished-at="2023-07-24T00:38:21Z" duration-ms="11926" status="PASS">
          <params>
            <param index="0">
              <value>
                <![CDATA[Chrome]]>
              </value>
            </param>
          </params>
          <reporter-output>
          </reporter-output>
        </test-method> <!-- setup -->
        <test-method signature="createAccountTest(java.util.HashMap)[pri:0, instance:com.ecstore.testcases.CustomerAccountCreationTest@20d11153]" started-at="2023-07-24T00:38:21Z" name="createAccountTest" data-provider="newAcountCreationData" finished-at="2023-07-24T00:38:45Z" duration-ms="23978" status="FAIL">
          <params>
            <param index="0">
              <value>
                <![CDATA[{FirstName=AbcUser, Confirm Password=123@ABCD, Email =abc1@gmail.com, LastName=UserLN, Password=123@ABCD}]]>
              </value>
            </param>
          </params>
          <exception class="java.lang.AssertionError">
            <message>
              <![CDATA[expected [https://magento.softwaretestingboard.com/customer/account/create/] but found [https://magento.softwaretestingboard.com/customer/account/]]]>
            </message>
            <full-stacktrace>
              <![CDATA[java.lang.AssertionError: expected [https://magento.softwaretestingboard.com/customer/account/create/] but found [https://magento.softwaretestingboard.com/customer/account/]
	at org.testng.Assert.fail(Assert.java:94)
	at org.testng.Assert.failNotEquals(Assert.java:494)
	at org.testng.Assert.assertEquals(Assert.java:123)
	at org.testng.Assert.assertEquals(Assert.java:176)
	at org.testng.Assert.assertEquals(Assert.java:186)
	at com.ecstore.testcases.CustomerAccountCreationTest.createAccountTest(CustomerAccountCreationTest.java:87)
	at java.base/jdk.internal.reflect.NativeMethodAccessorImpl.invoke0(Native Method)
	at java.base/jdk.internal.reflect.NativeMethodAccessorImpl.invoke(NativeMethodAccessorImpl.java:77)
	at java.base/jdk.internal.reflect.DelegatingMethodAccessorImpl.invoke(DelegatingMethodAccessorImpl.java:43)
	at java.base/java.lang.reflect.Method.invoke(Method.java:568)
	at org.testng.internal.MethodInvocationHelper.invokeMethod(MethodInvocationHelper.java:84)
	at org.testng.internal.Invoker.invokeMethod(Invoker.java:714)
	at org.testng.internal.Invoker.invokeTestMethod(Invoker.java:901)
	at org.testng.internal.Invoker.invokeTestMethods(Invoker.java:1231)
	at org.testng.internal.TestMethodWorker.invokeTestMethods(TestMethodWorker.java:127)
	at org.testng.internal.TestMethodWorker.run(TestMethodWorker.java:111)
	at org.testng.TestRunner.privateRun(TestRunner.java:767)
	at org.testng.TestRunner.run(TestRunner.java:617)
	at org.testng.SuiteRunner.runTest(SuiteRunner.java:334)
	at org.testng.SuiteRunner.runSequentially(SuiteRunner.java:329)
	at org.testng.SuiteRunner.privateRun(SuiteRunner.java:291)
	at org.testng.SuiteRunner.run(SuiteRunner.java:240)
	at org.testng.SuiteRunnerWorker.runSuite(SuiteRunnerWorker.java:52)
	at org.testng.SuiteRunnerWorker.run(SuiteRunnerWorker.java:86)
	at org.testng.TestNG.runSuitesSequentially(TestNG.java:1224)
	at org.testng.TestNG.runSuitesLocally(TestNG.java:1149)
	at org.testng.TestNG.run(TestNG.java:1057)
	at org.testng.remote.AbstractRemoteTestNG.run(AbstractRemoteTestNG.java:115)
	at org.testng.remote.RemoteTestNG.initAndRun(RemoteTestNG.java:251)
	at org.testng.remote.RemoteTestNG.main(RemoteTestNG.java:77)
]]>
            </full-stacktrace>
          </exception> <!-- java.lang.AssertionError -->
          <reporter-output>
          </reporter-output>
        </test-method> <!-- createAccountTest -->
        <test-method is-config="true" signature="tearDown()[pri:0, instance:com.ecstore.testcases.CustomerAccountCreationTest@20d11153]" started-at="2023-07-24T00:38:45Z" name="tearDown" finished-at="2023-07-24T00:38:50Z" duration-ms="4269" status="PASS">
          <reporter-output>
          </reporter-output>
        </test-method> <!-- tearDown -->
        <test-method is-config="true" signature="setup(java.lang.String)[pri:0, instance:com.ecstore.testcases.CustomerAccountCreationTest@20d11153]" started-at="2023-07-24T00:38:50Z" name="setup" finished-at="2023-07-24T00:39:06Z" duration-ms="16636" status="PASS">
          <params>
            <param index="0">
              <value>
                <![CDATA[Chrome]]>
              </value>
            </param>
          </params>
          <reporter-output>
          </reporter-output>
        </test-method> <!-- setup -->
        <test-method signature="createAccountTest(java.util.HashMap)[pri:0, instance:com.ecstore.testcases.CustomerAccountCreationTest@20d11153]" started-at="2023-07-24T00:39:06Z" name="createAccountTest" data-provider="newAcountCreationData" finished-at="2023-07-24T00:40:06Z" duration-ms="59242" status="FAIL">
          <params>
            <param index="0">
              <value>
                <![CDATA[{FirstName=SecondUser, Confirm Password=EDFG@123, Email =abc123@xyz.com, LastName=UserTest2, Password=EDFG@123}]]>
              </value>
            </param>
          </params>
          <exception class="java.lang.AssertionError">
            <message>
              <![CDATA[expected [https://magento.softwaretestingboard.com/customer/account/create/] but found [https://magento.softwaretestingboard.com/customer/account/]]]>
            </message>
            <full-stacktrace>
              <![CDATA[java.lang.AssertionError: expected [https://magento.softwaretestingboard.com/customer/account/create/] but found [https://magento.softwaretestingboard.com/customer/account/]
	at org.testng.Assert.fail(Assert.java:94)
	at org.testng.Assert.failNotEquals(Assert.java:494)
	at org.testng.Assert.assertEquals(Assert.java:123)
	at org.testng.Assert.assertEquals(Assert.java:176)
	at org.testng.Assert.assertEquals(Assert.java:186)
	at com.ecstore.testcases.CustomerAccountCreationTest.createAccountTest(CustomerAccountCreationTest.java:87)
	at java.base/jdk.internal.reflect.NativeMethodAccessorImpl.invoke0(Native Method)
	at java.base/jdk.internal.reflect.NativeMethodAccessorImpl.invoke(NativeMethodAccessorImpl.java:77)
	at java.base/jdk.internal.reflect.DelegatingMethodAccessorImpl.invoke(DelegatingMethodAccessorImpl.java:43)
	at java.base/java.lang.reflect.Method.invoke(Method.java:568)
	at org.testng.internal.MethodInvocationHelper.invokeMethod(MethodInvocationHelper.java:84)
	at org.testng.internal.Invoker.invokeMethod(Invoker.java:714)
	at org.testng.internal.Invoker.invokeTestMethod(Invoker.java:901)
	at org.testng.internal.Invoker.invokeTestMethods(Invoker.java:1231)
	at org.testng.internal.TestMethodWorker.invokeTestMethods(TestMethodWorker.java:127)
	at org.testng.internal.TestMethodWorker.run(TestMethodWorker.java:111)
	at org.testng.TestRunner.privateRun(TestRunner.java:767)
	at org.testng.TestRunner.run(TestRunner.java:617)
	at org.testng.SuiteRunner.runTest(SuiteRunner.java:334)
	at org.testng.SuiteRunner.runSequentially(SuiteRunner.java:329)
	at org.testng.SuiteRunner.privateRun(SuiteRunner.java:291)
	at org.testng.SuiteRunner.run(SuiteRunner.java:240)
	at org.testng.SuiteRunnerWorker.runSuite(SuiteRunnerWorker.java:52)
	at org.testng.SuiteRunnerWorker.run(SuiteRunnerWorker.java:86)
	at org.testng.TestNG.runSuitesSequentially(TestNG.java:1224)
	at org.testng.TestNG.runSuitesLocally(TestNG.java:1149)
	at org.testng.TestNG.run(TestNG.java:1057)
	at org.testng.remote.AbstractRemoteTestNG.run(AbstractRemoteTestNG.java:115)
	at org.testng.remote.RemoteTestNG.initAndRun(RemoteTestNG.java:251)
	at org.testng.remote.RemoteTestNG.main(RemoteTestNG.java:77)
]]>
            </full-stacktrace>
          </exception> <!-- java.lang.AssertionError -->
          <reporter-output>
          </reporter-output>
        </test-method> <!-- createAccountTest -->
        <test-method is-config="true" signature="tearDown()[pri:0, instance:com.ecstore.testcases.CustomerAccountCreationTest@20d11153]" started-at="2023-07-24T00:40:07Z" name="tearDown" finished-at="2023-07-24T00:40:20Z" duration-ms="13371" status="PASS">
          <reporter-output>
          </reporter-output>
        </test-method> <!-- tearDown -->
        <test-method is-config="true" signature="setup(java.lang.String)[pri:0, instance:com.ecstore.testcases.CustomerAccountCreationTest@20d11153]" started-at="2023-07-24T00:40:20Z" name="setup" finished-at="2023-07-24T00:40:37Z" duration-ms="17122" status="PASS">
          <params>
            <param index="0">
              <value>
                <![CDATA[Chrome]]>
              </value>
            </param>
          </params>
          <reporter-output>
          </reporter-output>
        </test-method> <!-- setup -->
        <test-method signature="verifyCustomerNewAccountCreation()[pri:0, instance:com.ecstore.testcases.CustomerAccountCreationTest@20d11153]" started-at="2023-07-24T00:40:37Z" name="verifyCustomerNewAccountCreation" finished-at="2023-07-24T00:40:57Z" duration-ms="19876" status="PASS">
          <reporter-output>
          </reporter-output>
        </test-method> <!-- verifyCustomerNewAccountCreation -->
        <test-method is-config="true" signature="tearDown()[pri:0, instance:com.ecstore.testcases.CustomerAccountCreationTest@20d11153]" started-at="2023-07-24T00:40:57Z" name="tearDown" finished-at="2023-07-24T00:40:59Z" duration-ms="2014" status="PASS">
          <reporter-output>
          </reporter-output>
        </test-method> <!-- tearDown -->
      </class> <!-- com.ecstore.testcases.CustomerAccountCreationTest -->
      <class name="com.ecstore.testcases.SearchResultTest">
        <test-method is-config="true" signature="setup(java.lang.String)[pri:0, instance:com.ecstore.testcases.SearchResultTest@4fe01805]" started-at="2023-07-24T00:34:58Z" name="setup" finished-at="2023-07-24T00:34:58Z" duration-ms="0" status="FAIL">
          <params>
            <param index="0">
              <value>
                <![CDATA[Chrome]]>
              </value>
            </param>
          </params>
          <exception class="org.openqa.selenium.TimeoutException">
            <message>
              <![CDATA[timeout: Timed out receiving message from renderer: 25.656
  (Session info: chrome=114.0.5735.199)
Build info: version: '4.8.3', revision: 'e5e76298c3'
System info: os.name: 'Windows 10', os.arch: 'amd64', os.version: '10.0', java.version: '17.0.5'
Driver info: org.openqa.selenium.chrome.ChromeDriver
Command: [1ca19d1c3e2261ccb22d45cb29241d7d, get {url=https://magento.softwaretestingboard.com/}]
Capabilities {acceptInsecureCerts: false, browserName: chrome, browserVersion: 114.0.5735.199, chrome: {chromedriverVersion: 114.0.5735.90 (386bc09e8f4f..., userDataDir: C:\Windows\SystemTemp\scope...}, goog:chromeOptions: {debuggerAddress: localhost:53768}, networkConnectionEnabled: false, pageLoadStrategy: normal, platformName: WINDOWS, proxy: Proxy(), se:cdp: ws://localhost:53768/devtoo..., se:cdpVersion: 114.0.5735.199, setWindowRect: true, strictFileInteractability: false, timeouts: {implicit: 0, pageLoad: 300000, script: 30000}, unhandledPromptBehavior: dismiss and notify, webauthn:extension:credBlob: true, webauthn:extension:largeBlob: true, webauthn:extension:minPinLength: true, webauthn:extension:prf: true, webauthn:virtualAuthenticators: true}
Session ID: 1ca19d1c3e2261ccb22d45cb29241d7d]]>
            </message>
            <full-stacktrace>
              <![CDATA[org.openqa.selenium.TimeoutException: timeout: Timed out receiving message from renderer: 25.656
  (Session info: chrome=114.0.5735.199)
Build info: version: '4.8.3', revision: 'e5e76298c3'
System info: os.name: 'Windows 10', os.arch: 'amd64', os.version: '10.0', java.version: '17.0.5'
Driver info: org.openqa.selenium.chrome.ChromeDriver
Command: [1ca19d1c3e2261ccb22d45cb29241d7d, get {url=https://magento.softwaretestingboard.com/}]
Capabilities {acceptInsecureCerts: false, browserName: chrome, browserVersion: 114.0.5735.199, chrome: {chromedriverVersion: 114.0.5735.90 (386bc09e8f4f..., userDataDir: C:\Windows\SystemTemp\scope...}, goog:chromeOptions: {debuggerAddress: localhost:53768}, networkConnectionEnabled: false, pageLoadStrategy: normal, platformName: WINDOWS, proxy: Proxy(), se:cdp: ws://localhost:53768/devtoo..., se:cdpVersion: 114.0.5735.199, setWindowRect: true, strictFileInteractability: false, timeouts: {implicit: 0, pageLoad: 300000, script: 30000}, unhandledPromptBehavior: dismiss and notify, webauthn:extension:credBlob: true, webauthn:extension:largeBlob: true, webauthn:extension:minPinLength: true, webauthn:extension:prf: true, webauthn:virtualAuthenticators: true}
Session ID: 1ca19d1c3e2261ccb22d45cb29241d7d
	at java.base/jdk.internal.reflect.NativeConstructorAccessorImpl.newInstance0(Native Method)
	at java.base/jdk.internal.reflect.NativeConstructorAccessorImpl.newInstance(NativeConstructorAccessorImpl.java:77)
	at java.base/jdk.internal.reflect.DelegatingConstructorAccessorImpl.newInstance(DelegatingConstructorAccessorImpl.java:45)
	at java.base/java.lang.reflect.Constructor.newInstanceWithCaller(Constructor.java:499)
	at java.base/java.lang.reflect.Constructor.newInstance(Constructor.java:480)
	at org.openqa.selenium.remote.codec.w3c.W3CHttpResponseCodec.createException(W3CHttpResponseCodec.java:200)
	at org.openqa.selenium.remote.codec.w3c.W3CHttpResponseCodec.decode(W3CHttpResponseCodec.java:133)
	at org.openqa.selenium.remote.codec.w3c.W3CHttpResponseCodec.decode(W3CHttpResponseCodec.java:53)
	at org.openqa.selenium.remote.HttpCommandExecutor.execute(HttpCommandExecutor.java:193)
	at org.openqa.selenium.remote.service.DriverCommandExecutor.invokeExecute(DriverCommandExecutor.java:183)
	at org.openqa.selenium.remote.service.DriverCommandExecutor.execute(DriverCommandExecutor.java:158)
	at org.openqa.selenium.remote.RemoteWebDriver.execute(RemoteWebDriver.java:543)
	at org.openqa.selenium.remote.RemoteWebDriver.get(RemoteWebDriver.java:297)
	at com.ecstore.base.BaseClass.launchApp(BaseClass.java:66)
	at com.ecstore.testcases.SearchResultTest.setup(SearchResultTest.java:21)
	at java.base/jdk.internal.reflect.NativeMethodAccessorImpl.invoke0(Native Method)
	at java.base/jdk.internal.reflect.NativeMethodAccessorImpl.invoke(NativeMethodAccessorImpl.java:77)
	at java.base/jdk.internal.reflect.DelegatingMethodAccessorImpl.invoke(DelegatingMethodAccessorImpl.java:43)
	at java.base/java.lang.reflect.Method.invoke(Method.java:568)
	at org.testng.internal.MethodInvocationHelper.invokeMethod(MethodInvocationHelper.java:84)
	at org.testng.internal.Invoker.invokeConfigurationMethod(Invoker.java:564)
	at org.testng.internal.Invoker.invokeConfigurations(Invoker.java:213)
	at org.testng.internal.Invoker.invokeMethod(Invoker.java:653)
	at org.testng.internal.Invoker.invokeTestMethod(Invoker.java:901)
	at org.testng.internal.Invoker.invokeTestMethods(Invoker.java:1231)
	at org.testng.internal.TestMethodWorker.invokeTestMethods(TestMethodWorker.java:127)
	at org.testng.internal.TestMethodWorker.run(TestMethodWorker.java:111)
	at org.testng.TestRunner.privateRun(TestRunner.java:767)
	at org.testng.TestRunner.run(TestRunner.java:617)
	at org.testng.SuiteRunner.runTest(SuiteRunner.java:334)
	at org.testng.SuiteRunner.runSequentially(SuiteRunner.java:329)
	at org.testng.SuiteRunner.privateRun(SuiteRunner.java:291)
	at org.testng.SuiteRunner.run(SuiteRunner.java:240)
	at org.testng.SuiteRunnerWorker.runSuite(SuiteRunnerWorker.java:52)
	at org.testng.SuiteRunnerWorker.run(SuiteRunnerWorker.java:86)
	at org.testng.TestNG.runSuitesSequentially(TestNG.java:1224)
	at org.testng.TestNG.runSuitesLocally(TestNG.java:1149)
	at org.testng.TestNG.run(TestNG.java:1057)
	at org.testng.remote.AbstractRemoteTestNG.run(AbstractRemoteTestNG.java:115)
	at org.testng.remote.RemoteTestNG.initAndRun(RemoteTestNG.java:251)
	at org.testng.remote.RemoteTestNG.main(RemoteTestNG.java:77)
]]>
            </full-stacktrace>
          </exception> <!-- org.openqa.selenium.TimeoutException -->
          <reporter-output>
          </reporter-output>
        </test-method> <!-- setup -->
        <test-method signature="searchProduct()[pri:0, instance:com.ecstore.testcases.SearchResultTest@4fe01805]" started-at="2023-07-24T00:35:48Z" name="searchProduct" finished-at="2023-07-24T00:35:48Z" duration-ms="16" status="SKIP">
          <reporter-output>
          </reporter-output>
        </test-method> <!-- searchProduct -->
        <test-method is-config="true" signature="tearDown()[pri:0, instance:com.ecstore.testcases.SearchResultTest@4fe01805]" started-at="2023-07-24T00:35:48Z" name="tearDown" finished-at="2023-07-24T00:35:48Z" duration-ms="0" status="SKIP">
          <reporter-output>
          </reporter-output>
        </test-method> <!-- tearDown -->
      </class> <!-- com.ecstore.testcases.SearchResultTest -->
      <class name="com.ecstore.testcases.MyAccountPageTest">
        <test-method is-config="true" signature="setup(java.lang.String)[pri:0, instance:com.ecstore.testcases.MyAccountPageTest@55120f99]" started-at="2023-07-24T00:35:48Z" name="setup" finished-at="2023-07-24T00:36:08Z" duration-ms="19878" status="PASS">
          <params>
            <param index="0">
              <value>
                <![CDATA[Chrome]]>
              </value>
            </param>
          </params>
          <reporter-output>
          </reporter-output>
        </test-method> <!-- setup -->
        <test-method signature="validateOrderHistory()[pri:0, instance:com.ecstore.testcases.MyAccountPageTest@55120f99]" started-at="2023-07-24T00:36:08Z" name="validateOrderHistory" finished-at="2023-07-24T00:36:41Z" duration-ms="33012" status="PASS">
          <reporter-output>
          </reporter-output>
        </test-method> <!-- validateOrderHistory -->
        <test-method is-config="true" signature="tearDown()[pri:0, instance:com.ecstore.testcases.MyAccountPageTest@55120f99]" started-at="2023-07-24T00:36:41Z" name="tearDown" finished-at="2023-07-24T00:36:45Z" duration-ms="4555" status="PASS">
          <reporter-output>
          </reporter-output>
        </test-method> <!-- tearDown -->
        <test-method is-config="true" signature="setup(java.lang.String)[pri:0, instance:com.ecstore.testcases.MyAccountPageTest@55120f99]" started-at="2023-07-24T00:36:45Z" name="setup" finished-at="2023-07-24T00:36:55Z" duration-ms="10238" status="PASS">
          <params>
            <param index="0">
              <value>
                <![CDATA[Chrome]]>
              </value>
            </param>
          </params>
          <reporter-output>
          </reporter-output>
        </test-method> <!-- setup -->
        <test-method signature="validateWishList()[pri:0, instance:com.ecstore.testcases.MyAccountPageTest@55120f99]" started-at="2023-07-24T00:36:55Z" name="validateWishList" finished-at="2023-07-24T00:37:22Z" duration-ms="26677" status="PASS">
          <reporter-output>
          </reporter-output>
        </test-method> <!-- validateWishList -->
        <test-method is-config="true" signature="tearDown()[pri:0, instance:com.ecstore.testcases.MyAccountPageTest@55120f99]" started-at="2023-07-24T00:37:22Z" name="tearDown" finished-at="2023-07-24T00:37:24Z" duration-ms="1700" status="PASS">
          <reporter-output>
          </reporter-output>
        </test-method> <!-- tearDown -->
      </class> <!-- com.ecstore.testcases.MyAccountPageTest -->
      <class name="com.ecstore.testcases.HomePageTest">
        <test-method is-config="true" signature="setup(java.lang.String)[pri:0, instance:com.ecstore.testcases.HomePageTest@5652f555]" started-at="2023-07-24T00:44:48Z" name="setup" finished-at="2023-07-24T00:45:06Z" duration-ms="18047" status="PASS">
          <params>
            <param index="0">
              <value>
                <![CDATA[Chrome]]>
              </value>
            </param>
          </params>
          <reporter-output>
          </reporter-output>
        </test-method> <!-- setup -->
        <test-method signature="verifyLogo()[pri:0, instance:com.ecstore.testcases.HomePageTest@5652f555]" started-at="2023-07-24T00:45:06Z" name="verifyLogo" finished-at="2023-07-24T00:45:11Z" duration-ms="5505" status="PASS">
          <reporter-output>
          </reporter-output>
        </test-method> <!-- verifyLogo -->
        <test-method is-config="true" signature="tearDown()[pri:0, instance:com.ecstore.testcases.HomePageTest@5652f555]" started-at="2023-07-24T00:45:11Z" name="tearDown" finished-at="2023-07-24T00:45:20Z" duration-ms="8023" status="PASS">
          <reporter-output>
          </reporter-output>
        </test-method> <!-- tearDown -->
        <test-method is-config="true" signature="setup(java.lang.String)[pri:0, instance:com.ecstore.testcases.HomePageTest@5652f555]" started-at="2023-07-24T00:45:20Z" name="setup" finished-at="2023-07-24T00:45:39Z" duration-ms="19554" status="PASS">
          <params>
            <param index="0">
              <value>
                <![CDATA[Chrome]]>
              </value>
            </param>
          </params>
          <reporter-output>
          </reporter-output>
        </test-method> <!-- setup -->
        <test-method signature="verifyTitle()[pri:0, instance:com.ecstore.testcases.HomePageTest@5652f555]" started-at="2023-07-24T00:45:39Z" name="verifyTitle" finished-at="2023-07-24T00:45:39Z" duration-ms="115" status="PASS">
          <reporter-output>
          </reporter-output>
        </test-method> <!-- verifyTitle -->
        <test-method is-config="true" signature="tearDown()[pri:0, instance:com.ecstore.testcases.HomePageTest@5652f555]" started-at="2023-07-24T00:45:39Z" name="tearDown" finished-at="2023-07-24T00:45:57Z" duration-ms="17480" status="PASS">
          <reporter-output>
          </reporter-output>
        </test-method> <!-- tearDown -->
        <test-method is-config="true" signature="setup(java.lang.String)[pri:0, instance:com.ecstore.testcases.HomePageTest@5652f555]" started-at="2023-07-24T00:45:57Z" name="setup" finished-at="2023-07-24T00:46:16Z" duration-ms="19096" status="PASS">
          <params>
            <param index="0">
              <value>
                <![CDATA[Chrome]]>
              </value>
            </param>
          </params>
          <reporter-output>
          </reporter-output>
        </test-method> <!-- setup -->
        <test-method signature="verifyTitleError()[pri:0, instance:com.ecstore.testcases.HomePageTest@5652f555]" started-at="2023-07-24T00:46:16Z" name="verifyTitleError" finished-at="2023-07-24T00:46:16Z" duration-ms="265" status="FAIL">
          <exception class="java.lang.AssertionError">
            <message>
              <![CDATA[expected:<Home Page> but was:<Home Page1>]]>
            </message>
            <full-stacktrace>
              <![CDATA[java.lang.AssertionError: expected:<Home Page> but was:<Home Page1>
	at org.testng.AssertJUnit.assertEquals(AssertJUnit.java:101)
	at org.testng.AssertJUnit.assertEquals(AssertJUnit.java:108)
	at com.ecstore.testcases.HomePageTest.verifyTitleError(HomePageTest.java:49)
	at java.base/jdk.internal.reflect.NativeMethodAccessorImpl.invoke0(Native Method)
	at java.base/jdk.internal.reflect.NativeMethodAccessorImpl.invoke(NativeMethodAccessorImpl.java:77)
	at java.base/jdk.internal.reflect.DelegatingMethodAccessorImpl.invoke(DelegatingMethodAccessorImpl.java:43)
	at java.base/java.lang.reflect.Method.invoke(Method.java:568)
	at org.testng.internal.MethodInvocationHelper.invokeMethod(MethodInvocationHelper.java:84)
	at org.testng.internal.Invoker.invokeMethod(Invoker.java:714)
	at org.testng.internal.Invoker.invokeTestMethod(Invoker.java:901)
	at org.testng.internal.Invoker.invokeTestMethods(Invoker.java:1231)
	at org.testng.internal.TestMethodWorker.invokeTestMethods(TestMethodWorker.java:127)
	at org.testng.internal.TestMethodWorker.run(TestMethodWorker.java:111)
	at org.testng.TestRunner.privateRun(TestRunner.java:767)
	at org.testng.TestRunner.run(TestRunner.java:617)
	at org.testng.SuiteRunner.runTest(SuiteRunner.java:334)
	at org.testng.SuiteRunner.runSequentially(SuiteRunner.java:329)
	at org.testng.SuiteRunner.privateRun(SuiteRunner.java:291)
	at org.testng.SuiteRunner.run(SuiteRunner.java:240)
	at org.testng.SuiteRunnerWorker.runSuite(SuiteRunnerWorker.java:52)
	at org.testng.SuiteRunnerWorker.run(SuiteRunnerWorker.java:86)
	at org.testng.TestNG.runSuitesSequentially(TestNG.java:1224)
	at org.testng.TestNG.runSuitesLocally(TestNG.java:1149)
	at org.testng.TestNG.run(TestNG.java:1057)
	at org.testng.remote.AbstractRemoteTestNG.run(AbstractRemoteTestNG.java:115)
	at org.testng.remote.RemoteTestNG.initAndRun(RemoteTestNG.java:251)
	at org.testng.remote.RemoteTestNG.main(RemoteTestNG.java:77)
]]>
            </full-stacktrace>
          </exception> <!-- java.lang.AssertionError -->
          <reporter-output>
          </reporter-output>
        </test-method> <!-- verifyTitleError -->
        <test-method is-config="true" signature="tearDown()[pri:0, instance:com.ecstore.testcases.HomePageTest@5652f555]" started-at="2023-07-24T00:46:21Z" name="tearDown" finished-at="2023-07-24T00:46:24Z" duration-ms="2870" status="PASS">
          <reporter-output>
          </reporter-output>
        </test-method> <!-- tearDown -->
      </class> <!-- com.ecstore.testcases.HomePageTest -->
      <class name="com.ecstore.testcases.LoginPageTest">
        <test-method is-config="true" signature="setup(java.lang.String)[pri:0, instance:com.ecstore.testcases.LoginPageTest@502f8b57]" started-at="2023-07-24T00:40:59Z" name="setup" finished-at="2023-07-24T00:41:13Z" duration-ms="13777" status="PASS">
          <params>
            <param index="0">
              <value>
                <![CDATA[Chrome]]>
              </value>
            </param>
          </params>
          <reporter-output>
          </reporter-output>
        </test-method> <!-- setup -->
        <test-method signature="loginTest(java.lang.String, java.lang.String)[pri:0, instance:com.ecstore.testcases.LoginPageTest@502f8b57]" started-at="2023-07-24T00:41:13Z" name="loginTest" data-provider="credentials" finished-at="2023-07-24T00:41:39Z" duration-ms="26572" status="PASS">
          <params>
            <param index="0">
              <value>
                <![CDATA[vpdp@gmail.com]]>
              </value>
            </param>
            <param index="1">
              <value>
                <![CDATA[vpdp@12345P]]>
              </value>
            </param>
          </params>
          <reporter-output>
          </reporter-output>
        </test-method> <!-- loginTest -->
        <test-method is-config="true" signature="tearDown()[pri:0, instance:com.ecstore.testcases.LoginPageTest@502f8b57]" started-at="2023-07-24T00:41:39Z" name="tearDown" finished-at="2023-07-24T00:41:45Z" duration-ms="5792" status="PASS">
          <reporter-output>
          </reporter-output>
        </test-method> <!-- tearDown -->
      </class> <!-- com.ecstore.testcases.LoginPageTest -->
      <class name="com.ecstore.testcases.AddToCartTest">
        <test-method is-config="true" signature="loadConfig()[pri:0, instance:com.ecstore.testcases.AddToCartTest@81ff872]" started-at="2023-07-24T00:34:57Z" name="loadConfig" finished-at="2023-07-24T00:34:58Z" duration-ms="1394" status="PASS">
          <reporter-output>
          </reporter-output>
        </test-method> <!-- loadConfig -->
        <test-method is-config="true" signature="setup(java.lang.String)[pri:0, instance:com.ecstore.testcases.AddToCartTest@81ff872]" started-at="2023-07-24T00:37:24Z" name="setup" finished-at="2023-07-24T00:37:35Z" duration-ms="10693" status="PASS">
          <params>
            <param index="0">
              <value>
                <![CDATA[Chrome]]>
              </value>
            </param>
          </params>
          <reporter-output>
          </reporter-output>
        </test-method> <!-- setup -->
        <test-method signature="addToCartTest(java.lang.String, java.lang.String, java.lang.String, java.lang.String)[pri:0, instance:com.ecstore.testcases.AddToCartTest@81ff872]" started-at="2023-07-24T00:37:35Z" name="addToCartTest" data-provider="getProduct" finished-at="2023-07-24T00:38:02Z" duration-ms="26902" status="PASS">
          <params>
            <param index="0">
              <value>
                <![CDATA[t-shirt]]>
              </value>
            </param>
            <param index="1">
              <value>
                <![CDATA[2.0]]>
              </value>
            </param>
            <param index="2">
              <value>
                <![CDATA[S]]>
              </value>
            </param>
            <param index="3">
              <value>
                <![CDATA[Purple]]>
              </value>
            </param>
          </params>
          <reporter-output>
          </reporter-output>
        </test-method> <!-- addToCartTest -->
        <test-method is-config="true" signature="tearDown()[pri:0, instance:com.ecstore.testcases.AddToCartTest@81ff872]" started-at="2023-07-24T00:38:02Z" name="tearDown" finished-at="2023-07-24T00:38:04Z" duration-ms="2012" status="PASS">
          <reporter-output>
          </reporter-output>
        </test-method> <!-- tearDown -->
        <test-method is-config="true" signature="setup(java.lang.String)[pri:0, instance:com.ecstore.testcases.AddToCartTest@81ff872]" started-at="2023-07-24T00:38:04Z" name="setup" finished-at="2023-07-24T00:38:04Z" duration-ms="0" status="FAIL">
          <params>
            <param index="0">
              <value>
                <![CDATA[Chrome]]>
              </value>
            </param>
          </params>
          <exception class="org.openqa.selenium.SessionNotCreatedException">
            <message>
              <![CDATA[Could not start a new session. Response code 500. Message: session not created
from no such execution context: uniqueContextId not found
  (Session info: chrome=114.0.5735.199) 
Host info: host: 'VIBHAPURI', ip: '192.168.29.53'
Build info: version: '4.8.3', revision: 'e5e76298c3'
System info: os.name: 'Windows 10', os.arch: 'amd64', os.version: '10.0', java.version: '17.0.5'
Driver info: org.openqa.selenium.chrome.ChromeDriver
Command: [null, newSession {capabilities=[Capabilities {browserName: chrome, goog:chromeOptions: {args: [--remote-allow-origins=*], extensions: []}}], desiredCapabilities=Capabilities {browserName: chrome, goog:chromeOptions: {args: [--remote-allow-origins=*], extensions: []}}}]]]>
            </message>
            <full-stacktrace>
              <![CDATA[org.openqa.selenium.SessionNotCreatedException: Could not start a new session. Response code 500. Message: session not created
from no such execution context: uniqueContextId not found
  (Session info: chrome=114.0.5735.199) 
Host info: host: 'VIBHAPURI', ip: '192.168.29.53'
Build info: version: '4.8.3', revision: 'e5e76298c3'
System info: os.name: 'Windows 10', os.arch: 'amd64', os.version: '10.0', java.version: '17.0.5'
Driver info: org.openqa.selenium.chrome.ChromeDriver
Command: [null, newSession {capabilities=[Capabilities {browserName: chrome, goog:chromeOptions: {args: [--remote-allow-origins=*], extensions: []}}], desiredCapabilities=Capabilities {browserName: chrome, goog:chromeOptions: {args: [--remote-allow-origins=*], extensions: []}}}]
	at org.openqa.selenium.remote.ProtocolHandshake.createSession(ProtocolHandshake.java:148)
	at org.openqa.selenium.remote.ProtocolHandshake.createSession(ProtocolHandshake.java:106)
	at org.openqa.selenium.remote.ProtocolHandshake.createSession(ProtocolHandshake.java:67)
	at org.openqa.selenium.remote.HttpCommandExecutor.execute(HttpCommandExecutor.java:165)
	at org.openqa.selenium.remote.service.DriverCommandExecutor.invokeExecute(DriverCommandExecutor.java:183)
	at org.openqa.selenium.remote.service.DriverCommandExecutor.execute(DriverCommandExecutor.java:158)
	at org.openqa.selenium.remote.RemoteWebDriver.execute(RemoteWebDriver.java:543)
	at org.openqa.selenium.remote.RemoteWebDriver.startSession(RemoteWebDriver.java:229)
	at org.openqa.selenium.remote.RemoteWebDriver.<init>(RemoteWebDriver.java:157)
	at org.openqa.selenium.chromium.ChromiumDriver.<init>(ChromiumDriver.java:101)
	at org.openqa.selenium.chrome.ChromeDriver.<init>(ChromeDriver.java:88)
	at org.openqa.selenium.chrome.ChromeDriver.<init>(ChromeDriver.java:84)
	at org.openqa.selenium.chrome.ChromeDriver.<init>(ChromeDriver.java:52)
	at com.ecstore.base.BaseClass.launchApp(BaseClass.java:54)
	at com.ecstore.testcases.AddToCartTest.setup(AddToCartTest.java:43)
	at java.base/jdk.internal.reflect.NativeMethodAccessorImpl.invoke0(Native Method)
	at java.base/jdk.internal.reflect.NativeMethodAccessorImpl.invoke(NativeMethodAccessorImpl.java:77)
	at java.base/jdk.internal.reflect.DelegatingMethodAccessorImpl.invoke(DelegatingMethodAccessorImpl.java:43)
	at java.base/java.lang.reflect.Method.invoke(Method.java:568)
	at org.testng.internal.MethodInvocationHelper.invokeMethod(MethodInvocationHelper.java:84)
	at org.testng.internal.Invoker.invokeConfigurationMethod(Invoker.java:564)
	at org.testng.internal.Invoker.invokeConfigurations(Invoker.java:213)
	at org.testng.internal.Invoker.invokeMethod(Invoker.java:653)
	at org.testng.internal.Invoker.invokeTestMethod(Invoker.java:901)
	at org.testng.internal.Invoker.invokeTestMethods(Invoker.java:1231)
	at org.testng.internal.TestMethodWorker.invokeTestMethods(TestMethodWorker.java:127)
	at org.testng.internal.TestMethodWorker.run(TestMethodWorker.java:111)
	at org.testng.TestRunner.privateRun(TestRunner.java:767)
	at org.testng.TestRunner.run(TestRunner.java:617)
	at org.testng.SuiteRunner.runTest(SuiteRunner.java:334)
	at org.testng.SuiteRunner.runSequentially(SuiteRunner.java:329)
	at org.testng.SuiteRunner.privateRun(SuiteRunner.java:291)
	at org.testng.SuiteRunner.run(SuiteRunner.java:240)
	at org.testng.SuiteRunnerWorker.runSuite(SuiteRunnerWorker.java:52)
	at org.testng.SuiteRunnerWorker.run(SuiteRunnerWorker.java:86)
	at org.testng.TestNG.runSuitesSequentially(TestNG.java:1224)
	at org.testng.TestNG.runSuitesLocally(TestNG.java:1149)
	at org.testng.TestNG.run(TestNG.java:1057)
	at org.testng.remote.AbstractRemoteTestNG.run(AbstractRemoteTestNG.java:115)
	at org.testng.remote.RemoteTestNG.initAndRun(RemoteTestNG.java:251)
	at org.testng.remote.RemoteTestNG.main(RemoteTestNG.java:77)
]]>
            </full-stacktrace>
          </exception> <!-- org.openqa.selenium.SessionNotCreatedException -->
          <reporter-output>
          </reporter-output>
        </test-method> <!-- setup -->
        <test-method signature="addToCartTest(java.lang.String, java.lang.String, java.lang.String, java.lang.String)[pri:0, instance:com.ecstore.testcases.AddToCartTest@81ff872]" started-at="2023-07-24T00:38:09Z" name="addToCartTest" data-provider="getProduct" finished-at="2023-07-24T00:38:09Z" duration-ms="3" status="SKIP">
          <params>
            <param index="0">
              <value>
                <![CDATA[t-shirt]]>
              </value>
            </param>
            <param index="1">
              <value>
                <![CDATA[3.0]]>
              </value>
            </param>
            <param index="2">
              <value>
                <![CDATA[M]]>
              </value>
            </param>
            <param index="3">
              <value>
                <![CDATA[Blue]]>
              </value>
            </param>
          </params>
          <reporter-output>
          </reporter-output>
        </test-method> <!-- addToCartTest -->
        <test-method is-config="true" signature="tearDown()[pri:0, instance:com.ecstore.testcases.AddToCartTest@81ff872]" started-at="2023-07-24T00:38:09Z" name="tearDown" finished-at="2023-07-24T00:38:09Z" duration-ms="0" status="SKIP">
          <reporter-output>
          </reporter-output>
        </test-method> <!-- tearDown -->
        <test-method is-config="true" signature="afterSuite()[pri:0, instance:com.ecstore.testcases.AddToCartTest@81ff872]" started-at="2023-07-24T00:47:41Z" name="afterSuite" finished-at="2023-07-24T00:47:41Z" duration-ms="0" status="SKIP">
          <reporter-output>
          </reporter-output>
        </test-method> <!-- afterSuite -->
      </class> <!-- com.ecstore.testcases.AddToCartTest -->
    </test> <!-- Test -->
  </suite> <!-- Suite -->
</testng-results>
